{"C:\\Users\\Adriele\\Desktop\\aceleradev-react\\Modulo 4\\Projeto Aula\\ricky-morty\\src\\filtro-aula.js": {"path":"C:\\Users\\Adriele\\Desktop\\aceleradev-react\\Modulo 4\\Projeto Aula\\ricky-morty\\src\\filtro-aula.js","statementMap":{"0":{"start":{"line":2,"column":2},"end":{"line":2,"column":74}},"1":{"start":{"line":2,"column":44},"end":{"line":2,"column":72}},"2":{"start":{"line":6,"column":2},"end":{"line":6,"column":74}},"3":{"start":{"line":6,"column":44},"end":{"line":6,"column":72}},"4":{"start":{"line":10,"column":21},"end":{"line":10,"column":35}},"5":{"start":{"line":11,"column":2},"end":{"line":11,"column":43}},"6":{"start":{"line":15,"column":2},"end":{"line":15,"column":64}},"7":{"start":{"line":15,"column":40},"end":{"line":15,"column":62}},"8":{"start":{"line":19,"column":28},"end":{"line":19,"column":58}},"9":{"start":{"line":21,"column":20},"end":{"line":21,"column":35}},"10":{"start":{"line":23,"column":2},"end":{"line":33,"column":5}},"11":{"start":{"line":24,"column":4},"end":{"line":30,"column":5}},"12":{"start":{"line":25,"column":6},"end":{"line":28,"column":8}},"13":{"start":{"line":29,"column":6},"end":{"line":29,"column":13}},"14":{"start":{"line":32,"column":4},"end":{"line":32,"column":39}},"15":{"start":{"line":35,"column":2},"end":{"line":35,"column":21}},"16":{"start":{"line":39,"column":20},"end":{"line":41,"column":8}},"17":{"start":{"line":40,"column":4},"end":{"line":40,"column":55}},"18":{"start":{"line":43,"column":2},"end":{"line":43,"column":28}},"19":{"start":{"line":46,"column":0},"end":{"line":53,"column":2}}},"fnMap":{"0":{"name":"filterByStatus","decl":{"start":{"line":1,"column":9},"end":{"line":1,"column":23}},"loc":{"start":{"line":1,"column":45},"end":{"line":3,"column":1}},"line":1},"1":{"name":"(anonymous_1)","decl":{"start":{"line":2,"column":28},"end":{"line":2,"column":29}},"loc":{"start":{"line":2,"column":44},"end":{"line":2,"column":72}},"line":2},"2":{"name":"filterByGender","decl":{"start":{"line":5,"column":9},"end":{"line":5,"column":23}},"loc":{"start":{"line":5,"column":45},"end":{"line":7,"column":1}},"line":5},"3":{"name":"(anonymous_3)","decl":{"start":{"line":6,"column":28},"end":{"line":6,"column":29}},"loc":{"start":{"line":6,"column":44},"end":{"line":6,"column":72}},"line":6},"4":{"name":"getEpisodeFromURL","decl":{"start":{"line":9,"column":9},"end":{"line":9,"column":26}},"loc":{"start":{"line":9,"column":32},"end":{"line":12,"column":1}},"line":9},"5":{"name":"generateEpisodeList","decl":{"start":{"line":14,"column":9},"end":{"line":14,"column":28}},"loc":{"start":{"line":14,"column":40},"end":{"line":16,"column":1}},"line":14},"6":{"name":"(anonymous_6)","decl":{"start":{"line":15,"column":31},"end":{"line":15,"column":32}},"loc":{"start":{"line":15,"column":40},"end":{"line":15,"column":62}},"line":15},"7":{"name":"mapCharacterToEpisodes","decl":{"start":{"line":18,"column":9},"end":{"line":18,"column":31}},"loc":{"start":{"line":18,"column":53},"end":{"line":36,"column":1}},"line":18},"8":{"name":"(anonymous_8)","decl":{"start":{"line":23,"column":24},"end":{"line":23,"column":25}},"loc":{"start":{"line":23,"column":37},"end":{"line":33,"column":3}},"line":23},"9":{"name":"filterByEpisode","decl":{"start":{"line":38,"column":9},"end":{"line":38,"column":24}},"loc":{"start":{"line":38,"column":47},"end":{"line":44,"column":1}},"line":38},"10":{"name":"(anonymous_10)","decl":{"start":{"line":39,"column":39},"end":{"line":39,"column":40}},"loc":{"start":{"line":39,"column":64},"end":{"line":41,"column":3}},"line":39}},"branchMap":{"0":{"loc":{"start":{"line":24,"column":4},"end":{"line":30,"column":5}},"type":"if","locations":[{"start":{"line":24,"column":4},"end":{"line":30,"column":5}},{"start":{"line":24,"column":4},"end":{"line":30,"column":5}}],"line":24}},"s":{"0":3,"1":60,"2":3,"3":60,"4":153,"5":153,"6":22,"7":152,"8":21,"9":21,"10":21,"11":150,"12":119,"13":119,"14":31,"15":21,"16":1,"17":20,"18":1,"19":1},"f":{"0":3,"1":60,"2":3,"3":60,"4":153,"5":22,"6":152,"7":21,"8":150,"9":1,"10":20},"b":{"0":[119,31]},"_coverageSchema":"1a1c01bbd47fc00a2c39e90264f33305004495a9","hash":"4b8b293bbf65115de97d6aa6452c996545e045ce"}
}
