TN:
SF:src\filtro-aula.js
FN:1,filterByStatus
FN:2,(anonymous_1)
FN:5,filterByGender
FN:6,(anonymous_3)
FN:9,getEpisodeFromURL
FN:14,generateEpisodeList
FN:15,(anonymous_6)
FN:18,mapCharacterToEpisodes
FN:23,(anonymous_8)
FN:38,filterByEpisode
FN:39,(anonymous_10)
FNF:11
FNH:11
FNDA:3,filterByStatus
FNDA:60,(anonymous_1)
FNDA:3,filterByGender
FNDA:60,(anonymous_3)
FNDA:153,getEpisodeFromURL
FNDA:22,generateEpisodeList
FNDA:152,(anonymous_6)
FNDA:21,mapCharacterToEpisodes
FNDA:150,(anonymous_8)
FNDA:1,filterByEpisode
FNDA:20,(anonymous_10)
DA:2,60
DA:6,60
DA:10,153
DA:11,153
DA:15,152
DA:19,21
DA:21,21
DA:23,21
DA:24,150
DA:25,119
DA:29,119
DA:32,31
DA:35,21
DA:39,1
DA:40,20
DA:43,1
DA:46,1
LF:17
LH:17
BRDA:24,0,0,119
BRDA:24,0,1,31
BRF:2
BRH:2
end_of_record
